0,org.assertj.core.api.objectarray.ObjectArrayAssert_hasOnlyOneElementSatisfying_Test:fails_if_iterable_has_only_one_element_and_that_element_does_not_statisfy_the_soft_assertion
1,org.assertj.core.api.objectarray.ObjectArrayAssert_hasOnlyOneElementSatisfying_Test:fails_if_iterable_has_only_one_element_and_that_element_does_not_statisfy_the_soft_assertion
2,org.assertj.core.api.objectarray.ObjectArrayAssert_hasOnlyOneElementSatisfying_Test:fails_if_iterable_has_only_one_element_and_that_element_does_not_statisfy_the_soft_assertion
21,org.assertj.core.api.objectarray.ObjectArrayAssert_hasOnlyOneElementSatisfying_Test:fails_if_iterable_has_only_one_element_and_that_element_does_not_statisfy_the_soft_assertion
22,org.assertj.core.api.objectarray.ObjectArrayAssert_hasOnlyOneElementSatisfying_Test:fails_if_iterable_has_only_one_element_and_that_element_does_not_statisfy_the_soft_assertion
23,org.assertj.core.api.objectarray.ObjectArrayAssert_hasOnlyOneElementSatisfying_Test:fails_if_iterable_has_only_one_element_and_that_element_does_not_statisfy_the_soft_assertion
0,org.assertj.core.api.objectarray.ObjectArrayAssert_hasOnlyOneElementSatisfying_Test:fails_if_iterable_has_only_one_element_and_that_element_does_not_statisfy_one_of_the_given_assertion
21,org.assertj.core.api.objectarray.ObjectArrayAssert_hasOnlyOneElementSatisfying_Test:fails_if_iterable_has_only_one_element_and_that_element_does_not_statisfy_one_of_the_given_assertion
22,org.assertj.core.api.objectarray.ObjectArrayAssert_hasOnlyOneElementSatisfying_Test:fails_if_iterable_has_only_one_element_and_that_element_does_not_statisfy_one_of_the_given_assertion
23,org.assertj.core.api.objectarray.ObjectArrayAssert_hasOnlyOneElementSatisfying_Test:fails_if_iterable_has_only_one_element_and_that_element_does_not_statisfy_one_of_the_given_assertion
0,org.example.test.SoftAssertionsLineNumberTest:should_print_line_numbers_of_failed_assertions_even_if_it_came_from_nested_calls
1,org.example.test.SoftAssertionsLineNumberTest:should_print_line_numbers_of_failed_assertions_even_if_it_came_from_nested_calls
2,org.example.test.SoftAssertionsLineNumberTest:should_print_line_numbers_of_failed_assertions_even_if_it_came_from_nested_calls
21,org.example.test.SoftAssertionsLineNumberTest:should_print_line_numbers_of_failed_assertions_even_if_it_came_from_nested_calls
22,org.example.test.SoftAssertionsLineNumberTest:should_print_line_numbers_of_failed_assertions_even_if_it_came_from_nested_calls
23,org.example.test.SoftAssertionsLineNumberTest:should_print_line_numbers_of_failed_assertions_even_if_it_came_from_nested_calls
0,org.example.test.SoftAssertionsLineNumberTest:should_print_line_numbers_of_failed_assertions
1,org.example.test.SoftAssertionsLineNumberTest:should_print_line_numbers_of_failed_assertions
2,org.example.test.SoftAssertionsLineNumberTest:should_print_line_numbers_of_failed_assertions
21,org.example.test.SoftAssertionsLineNumberTest:should_print_line_numbers_of_failed_assertions
22,org.example.test.SoftAssertionsLineNumberTest:should_print_line_numbers_of_failed_assertions
23,org.example.test.SoftAssertionsLineNumberTest:should_print_line_numbers_of_failed_assertions
0,org.assertj.core.api.date.DateAssert_isToday_Test:should_return_this
21,org.assertj.core.api.date.DateAssert_isToday_Test:should_return_this
22,org.assertj.core.api.date.DateAssert_isToday_Test:should_return_this
23,org.assertj.core.api.date.DateAssert_isToday_Test:should_return_this
0,org.assertj.core.api.abstract_.SoftAssertionsErrorsCollectedTest:return_empty_list_of_errors
1,org.assertj.core.api.abstract_.SoftAssertionsErrorsCollectedTest:return_empty_list_of_errors
2,org.assertj.core.api.abstract_.SoftAssertionsErrorsCollectedTest:return_empty_list_of_errors
21,org.assertj.core.api.abstract_.SoftAssertionsErrorsCollectedTest:return_empty_list_of_errors
22,org.assertj.core.api.abstract_.SoftAssertionsErrorsCollectedTest:return_empty_list_of_errors
23,org.assertj.core.api.abstract_.SoftAssertionsErrorsCollectedTest:return_empty_list_of_errors
0,org.assertj.core.api.abstract_.SoftAssertionsErrorsCollectedTest:returns_nonempty_list_of_errors
1,org.assertj.core.api.abstract_.SoftAssertionsErrorsCollectedTest:returns_nonempty_list_of_errors
2,org.assertj.core.api.abstract_.SoftAssertionsErrorsCollectedTest:returns_nonempty_list_of_errors
21,org.assertj.core.api.abstract_.SoftAssertionsErrorsCollectedTest:returns_nonempty_list_of_errors
22,org.assertj.core.api.abstract_.SoftAssertionsErrorsCollectedTest:returns_nonempty_list_of_errors
23,org.assertj.core.api.abstract_.SoftAssertionsErrorsCollectedTest:returns_nonempty_list_of_errors
0,org.assertj.core.internal.chararrays.CharArrays_assertHasSameSizeAs_with_Array_Test:should_fail_if_actual_is_null
21,org.assertj.core.internal.chararrays.CharArrays_assertHasSameSizeAs_with_Array_Test:should_fail_if_actual_is_null
22,org.assertj.core.internal.chararrays.CharArrays_assertHasSameSizeAs_with_Array_Test:should_fail_if_actual_is_null
23,org.assertj.core.internal.chararrays.CharArrays_assertHasSameSizeAs_with_Array_Test:should_fail_if_actual_is_null
0,org.assertj.core.api.BDDSoftAssertionsTest:all_assertions_should_pass
1,org.assertj.core.api.BDDSoftAssertionsTest:all_assertions_should_pass
2,org.assertj.core.api.BDDSoftAssertionsTest:all_assertions_should_pass
21,org.assertj.core.api.BDDSoftAssertionsTest:all_assertions_should_pass
22,org.assertj.core.api.BDDSoftAssertionsTest:all_assertions_should_pass
23,org.assertj.core.api.BDDSoftAssertionsTest:all_assertions_should_pass
0,org.assertj.core.api.BDDSoftAssertionsTest:should_be_able_to_catch_exceptions_thrown_by_all_proxied_methods
1,org.assertj.core.api.BDDSoftAssertionsTest:should_be_able_to_catch_exceptions_thrown_by_all_proxied_methods
2,org.assertj.core.api.BDDSoftAssertionsTest:should_be_able_to_catch_exceptions_thrown_by_all_proxied_methods
21,org.assertj.core.api.BDDSoftAssertionsTest:should_be_able_to_catch_exceptions_thrown_by_all_proxied_methods
22,org.assertj.core.api.BDDSoftAssertionsTest:should_be_able_to_catch_exceptions_thrown_by_all_proxied_methods
23,org.assertj.core.api.BDDSoftAssertionsTest:should_be_able_to_catch_exceptions_thrown_by_all_proxied_methods
0,org.assertj.core.api.BDDSoftAssertionsTest:should_have_the_same_methods_as_in_standard_soft_assertions
21,org.assertj.core.api.BDDSoftAssertionsTest:should_have_the_same_methods_as_in_standard_soft_assertions
22,org.assertj.core.api.BDDSoftAssertionsTest:should_have_the_same_methods_as_in_standard_soft_assertions
23,org.assertj.core.api.BDDSoftAssertionsTest:should_have_the_same_methods_as_in_standard_soft_assertions
0,org.assertj.core.api.BDDSoftAssertionsTest:should_work_with_comparable
1,org.assertj.core.api.BDDSoftAssertionsTest:should_work_with_comparable
2,org.assertj.core.api.BDDSoftAssertionsTest:should_work_with_comparable
21,org.assertj.core.api.BDDSoftAssertionsTest:should_work_with_comparable
22,org.assertj.core.api.BDDSoftAssertionsTest:should_work_with_comparable
23,org.assertj.core.api.BDDSoftAssertionsTest:should_work_with_comparable
0,org.assertj.core.api.byte_.ByteAssert_isLessThanOrEqualTo_long_Test:should_return_this
21,org.assertj.core.api.byte_.ByteAssert_isLessThanOrEqualTo_long_Test:should_return_this
22,org.assertj.core.api.byte_.ByteAssert_isLessThanOrEqualTo_long_Test:should_return_this
23,org.assertj.core.api.byte_.ByteAssert_isLessThanOrEqualTo_long_Test:should_return_this
0,org.example.test.BDDSoftAssertionsLineNumberTest:should_print_line_numbers_of_failed_assertions
21,org.example.test.BDDSoftAssertionsLineNumberTest:should_print_line_numbers_of_failed_assertions
22,org.example.test.BDDSoftAssertionsLineNumberTest:should_print_line_numbers_of_failed_assertions
23,org.example.test.BDDSoftAssertionsLineNumberTest:should_print_line_numbers_of_failed_assertions
0,org.assertj.core.api.file.FileAssert_hasNoParent_Test:should_return_this
21,org.assertj.core.api.file.FileAssert_hasNoParent_Test:should_return_this
22,org.assertj.core.api.file.FileAssert_hasNoParent_Test:should_return_this
23,org.assertj.core.api.file.FileAssert_hasNoParent_Test:should_return_this
0,org.assertj.core.api.JUnitSoftAssertionsFailureTest:should_report_all_errors
21,org.assertj.core.api.JUnitSoftAssertionsFailureTest:should_report_all_errors
22,org.assertj.core.api.JUnitSoftAssertionsFailureTest:should_report_all_errors
23,org.assertj.core.api.JUnitSoftAssertionsFailureTest:should_report_all_errors
0,org.assertj.core.api.objectarray.ObjectArrayAssert_haveAtLeast_Test:should_return_this
21,org.assertj.core.api.objectarray.ObjectArrayAssert_haveAtLeast_Test:should_return_this
22,org.assertj.core.api.objectarray.ObjectArrayAssert_haveAtLeast_Test:should_return_this
23,org.assertj.core.api.objectarray.ObjectArrayAssert_haveAtLeast_Test:should_return_this
0,org.example.test.AutoClosableSoftAssertionsLineNumberTest:should_print_line_numbers_of_failed_assertions
21,org.example.test.AutoClosableSoftAssertionsLineNumberTest:should_print_line_numbers_of_failed_assertions
22,org.example.test.AutoClosableSoftAssertionsLineNumberTest:should_print_line_numbers_of_failed_assertions
23,org.example.test.AutoClosableSoftAssertionsLineNumberTest:should_print_line_numbers_of_failed_assertions
0,org.assertj.core.api.abstract_.AbstractAssert_isNotIn_with_Iterable_Test:should_return_this
21,org.assertj.core.api.abstract_.AbstractAssert_isNotIn_with_Iterable_Test:should_return_this
22,org.assertj.core.api.abstract_.AbstractAssert_isNotIn_with_Iterable_Test:should_return_this
23,org.assertj.core.api.abstract_.AbstractAssert_isNotIn_with_Iterable_Test:should_return_this
0,org.assertj.core.api.iterable.IterableAssert_hasOnlyOneElementSatisfying_Test:fails_if_iterable_has_only_one_element_and_that_element_does_not_statisfy_the_soft_assertion
21,org.assertj.core.api.iterable.IterableAssert_hasOnlyOneElementSatisfying_Test:fails_if_iterable_has_only_one_element_and_that_element_does_not_statisfy_the_soft_assertion
22,org.assertj.core.api.iterable.IterableAssert_hasOnlyOneElementSatisfying_Test:fails_if_iterable_has_only_one_element_and_that_element_does_not_statisfy_the_soft_assertion
23,org.assertj.core.api.iterable.IterableAssert_hasOnlyOneElementSatisfying_Test:fails_if_iterable_has_only_one_element_and_that_element_does_not_statisfy_the_soft_assertion
0,org.assertj.core.api.iterable.IterableAssert_hasOnlyOneElementSatisfying_Test:fails_if_iterable_has_more_than_one_element
21,org.assertj.core.api.iterable.IterableAssert_hasOnlyOneElementSatisfying_Test:fails_if_iterable_has_more_than_one_element
22,org.assertj.core.api.iterable.IterableAssert_hasOnlyOneElementSatisfying_Test:fails_if_iterable_has_more_than_one_element
23,org.assertj.core.api.iterable.IterableAssert_hasOnlyOneElementSatisfying_Test:fails_if_iterable_has_more_than_one_element
0,org.assertj.core.api.JUnitBDDSoftAssertionsSuccessTest:all_assertions_should_pass
21,org.assertj.core.api.JUnitBDDSoftAssertionsSuccessTest:all_assertions_should_pass
22,org.assertj.core.api.JUnitBDDSoftAssertionsSuccessTest:all_assertions_should_pass
23,org.assertj.core.api.JUnitBDDSoftAssertionsSuccessTest:all_assertions_should_pass
0,org.assertj.core.api.date.DateAssert_isInSameMonthAs_Test:should_verify_assertion_with_date_arg_string_with_default_format
21,org.assertj.core.api.date.DateAssert_isInSameMonthAs_Test:should_verify_assertion_with_date_arg_string_with_default_format
22,org.assertj.core.api.date.DateAssert_isInSameMonthAs_Test:should_verify_assertion_with_date_arg_string_with_default_format
23,org.assertj.core.api.date.DateAssert_isInSameMonthAs_Test:should_verify_assertion_with_date_arg_string_with_default_format
0,org.assertj.core.api.AutoCloseableSoftAssertionsTest:all_assertions_should_pass
21,org.assertj.core.api.AutoCloseableSoftAssertionsTest:all_assertions_should_pass
22,org.assertj.core.api.AutoCloseableSoftAssertionsTest:all_assertions_should_pass
23,org.assertj.core.api.AutoCloseableSoftAssertionsTest:all_assertions_should_pass
0,org.assertj.core.api.AutoCloseableSoftAssertionsTest:should_be_able_to_catch_exceptions_thrown_by_all_proxied_methods
1,org.assertj.core.api.AutoCloseableSoftAssertionsTest:should_be_able_to_catch_exceptions_thrown_by_all_proxied_methods
2,org.assertj.core.api.AutoCloseableSoftAssertionsTest:should_be_able_to_catch_exceptions_thrown_by_all_proxied_methods
21,org.assertj.core.api.AutoCloseableSoftAssertionsTest:should_be_able_to_catch_exceptions_thrown_by_all_proxied_methods
22,org.assertj.core.api.AutoCloseableSoftAssertionsTest:should_be_able_to_catch_exceptions_thrown_by_all_proxied_methods
23,org.assertj.core.api.AutoCloseableSoftAssertionsTest:should_be_able_to_catch_exceptions_thrown_by_all_proxied_methods
0,org.assertj.core.api.Assertions_assertThat_inUnicode_Test:should_assert_char_array_in_unicode_representation
21,org.assertj.core.api.Assertions_assertThat_inUnicode_Test:should_assert_char_array_in_unicode_representation
22,org.assertj.core.api.Assertions_assertThat_inUnicode_Test:should_assert_char_array_in_unicode_representation
23,org.assertj.core.api.Assertions_assertThat_inUnicode_Test:should_assert_char_array_in_unicode_representation
0,org.assertj.core.api.Java6JUnitSoftAssertionsFailureTest:should_report_all_errors
21,org.assertj.core.api.Java6JUnitSoftAssertionsFailureTest:should_report_all_errors
22,org.assertj.core.api.Java6JUnitSoftAssertionsFailureTest:should_report_all_errors
23,org.assertj.core.api.Java6JUnitSoftAssertionsFailureTest:should_report_all_errors
0,org.assertj.core.api.date.DateAssert_isEqualToIgnoringMinutes:should_verify_assertion_with_date_arg_string_with_default_format
21,org.assertj.core.api.date.DateAssert_isEqualToIgnoringMinutes:should_verify_assertion_with_date_arg_string_with_default_format
22,org.assertj.core.api.date.DateAssert_isEqualToIgnoringMinutes:should_verify_assertion_with_date_arg_string_with_default_format
23,org.assertj.core.api.date.DateAssert_isEqualToIgnoringMinutes:should_verify_assertion_with_date_arg_string_with_default_format
0,org.assertj.core.api.SoftAssertionsTest:should_assert_using_assertSoftly
1,org.assertj.core.api.SoftAssertionsTest:should_assert_using_assertSoftly
2,org.assertj.core.api.SoftAssertionsTest:should_assert_using_assertSoftly
21,org.assertj.core.api.SoftAssertionsTest:should_assert_using_assertSoftly
22,org.assertj.core.api.SoftAssertionsTest:should_assert_using_assertSoftly
23,org.assertj.core.api.SoftAssertionsTest:should_assert_using_assertSoftly
0,org.assertj.core.api.SoftAssertionsTest:should_return_failure_after_shouldHaveThrown
21,org.assertj.core.api.SoftAssertionsTest:should_return_failure_after_shouldHaveThrown
22,org.assertj.core.api.SoftAssertionsTest:should_return_failure_after_shouldHaveThrown
23,org.assertj.core.api.SoftAssertionsTest:should_return_failure_after_shouldHaveThrown
0,org.assertj.core.api.SoftAssertionsTest:all_assertions_should_pass
21,org.assertj.core.api.SoftAssertionsTest:all_assertions_should_pass
22,org.assertj.core.api.SoftAssertionsTest:all_assertions_should_pass
23,org.assertj.core.api.SoftAssertionsTest:all_assertions_should_pass
0,org.assertj.core.api.SoftAssertionsTest:check_477_bugfix
1,org.assertj.core.api.SoftAssertionsTest:check_477_bugfix
2,org.assertj.core.api.SoftAssertionsTest:check_477_bugfix
21,org.assertj.core.api.SoftAssertionsTest:check_477_bugfix
22,org.assertj.core.api.SoftAssertionsTest:check_477_bugfix
23,org.assertj.core.api.SoftAssertionsTest:check_477_bugfix
0,org.assertj.core.api.SoftAssertionsTest:should_collect_all_errors_when_using_flatMap
1,org.assertj.core.api.SoftAssertionsTest:should_collect_all_errors_when_using_flatMap
2,org.assertj.core.api.SoftAssertionsTest:should_collect_all_errors_when_using_flatMap
21,org.assertj.core.api.SoftAssertionsTest:should_collect_all_errors_when_using_flatMap
22,org.assertj.core.api.SoftAssertionsTest:should_collect_all_errors_when_using_flatMap
23,org.assertj.core.api.SoftAssertionsTest:should_collect_all_errors_when_using_flatMap
0,org.assertj.core.api.SoftAssertionsTest:should_collect_all_errors_when_using_filtering
1,org.assertj.core.api.SoftAssertionsTest:should_collect_all_errors_when_using_filtering
2,org.assertj.core.api.SoftAssertionsTest:should_collect_all_errors_when_using_filtering
21,org.assertj.core.api.SoftAssertionsTest:should_collect_all_errors_when_using_filtering
22,org.assertj.core.api.SoftAssertionsTest:should_collect_all_errors_when_using_filtering
23,org.assertj.core.api.SoftAssertionsTest:should_collect_all_errors_when_using_filtering
0,org.assertj.core.api.SoftAssertionsTest:should_be_able_to_catch_exceptions_thrown_by_all_proxied_methods
1,org.assertj.core.api.SoftAssertionsTest:should_be_able_to_catch_exceptions_thrown_by_all_proxied_methods
2,org.assertj.core.api.SoftAssertionsTest:should_be_able_to_catch_exceptions_thrown_by_all_proxied_methods
21,org.assertj.core.api.SoftAssertionsTest:should_be_able_to_catch_exceptions_thrown_by_all_proxied_methods
22,org.assertj.core.api.SoftAssertionsTest:should_be_able_to_catch_exceptions_thrown_by_all_proxied_methods
23,org.assertj.core.api.SoftAssertionsTest:should_be_able_to_catch_exceptions_thrown_by_all_proxied_methods
0,org.assertj.core.api.SoftAssertionsTest:should_return_failure_after_fail
21,org.assertj.core.api.SoftAssertionsTest:should_return_failure_after_fail
22,org.assertj.core.api.SoftAssertionsTest:should_return_failure_after_fail
23,org.assertj.core.api.SoftAssertionsTest:should_return_failure_after_fail
0,org.assertj.core.api.SoftAssertionsTest:should_pass_when_using_extracting_with_iterable
1,org.assertj.core.api.SoftAssertionsTest:should_pass_when_using_extracting_with_iterable
2,org.assertj.core.api.SoftAssertionsTest:should_pass_when_using_extracting_with_iterable
21,org.assertj.core.api.SoftAssertionsTest:should_pass_when_using_extracting_with_iterable
22,org.assertj.core.api.SoftAssertionsTest:should_pass_when_using_extracting_with_iterable
23,org.assertj.core.api.SoftAssertionsTest:should_pass_when_using_extracting_with_iterable
0,org.assertj.core.api.SoftAssertionsTest:should_pass_when_using_extracting_with_iterator
21,org.assertj.core.api.SoftAssertionsTest:should_pass_when_using_extracting_with_iterator
22,org.assertj.core.api.SoftAssertionsTest:should_pass_when_using_extracting_with_iterator
23,org.assertj.core.api.SoftAssertionsTest:should_pass_when_using_extracting_with_iterator
0,org.assertj.core.api.SoftAssertionsTest:should_pass_when_using_extracting_with_list
1,org.assertj.core.api.SoftAssertionsTest:should_pass_when_using_extracting_with_list
2,org.assertj.core.api.SoftAssertionsTest:should_pass_when_using_extracting_with_list
21,org.assertj.core.api.SoftAssertionsTest:should_pass_when_using_extracting_with_list
22,org.assertj.core.api.SoftAssertionsTest:should_pass_when_using_extracting_with_list
23,org.assertj.core.api.SoftAssertionsTest:should_pass_when_using_extracting_with_list
0,org.assertj.core.api.SoftAssertionsTest:should_return_failure_after_fail_with_throwable
21,org.assertj.core.api.SoftAssertionsTest:should_return_failure_after_fail_with_throwable
22,org.assertj.core.api.SoftAssertionsTest:should_return_failure_after_fail_with_throwable
23,org.assertj.core.api.SoftAssertionsTest:should_return_failure_after_fail_with_throwable
0,org.assertj.core.api.SoftAssertionsTest:should_return_success_of_last_assertion_with_nested_calls
21,org.assertj.core.api.SoftAssertionsTest:should_return_success_of_last_assertion_with_nested_calls
22,org.assertj.core.api.SoftAssertionsTest:should_return_success_of_last_assertion_with_nested_calls
23,org.assertj.core.api.SoftAssertionsTest:should_return_success_of_last_assertion_with_nested_calls
0,org.assertj.core.api.SoftAssertionsTest:should_work_with_predicate
21,org.assertj.core.api.SoftAssertionsTest:should_work_with_predicate
22,org.assertj.core.api.SoftAssertionsTest:should_work_with_predicate
23,org.assertj.core.api.SoftAssertionsTest:should_work_with_predicate
0,org.assertj.core.api.SoftAssertionsTest:should_propagate_AssertionError_from_nested_proxied_calls
1,org.assertj.core.api.SoftAssertionsTest:should_propagate_AssertionError_from_nested_proxied_calls
2,org.assertj.core.api.SoftAssertionsTest:should_propagate_AssertionError_from_nested_proxied_calls
21,org.assertj.core.api.SoftAssertionsTest:should_propagate_AssertionError_from_nested_proxied_calls
22,org.assertj.core.api.SoftAssertionsTest:should_propagate_AssertionError_from_nested_proxied_calls
23,org.assertj.core.api.SoftAssertionsTest:should_propagate_AssertionError_from_nested_proxied_calls
0,org.assertj.core.api.SoftAssertionsTest:should_pass_when_using_extracting_with_array
1,org.assertj.core.api.SoftAssertionsTest:should_pass_when_using_extracting_with_array
2,org.assertj.core.api.SoftAssertionsTest:should_pass_when_using_extracting_with_array
21,org.assertj.core.api.SoftAssertionsTest:should_pass_when_using_extracting_with_array
22,org.assertj.core.api.SoftAssertionsTest:should_pass_when_using_extracting_with_array
23,org.assertj.core.api.SoftAssertionsTest:should_pass_when_using_extracting_with_array
0,org.assertj.core.api.SoftAssertionsTest:should_work_with_optional_chained_with_map
1,org.assertj.core.api.SoftAssertionsTest:should_work_with_optional_chained_with_map
2,org.assertj.core.api.SoftAssertionsTest:should_work_with_optional_chained_with_map
21,org.assertj.core.api.SoftAssertionsTest:should_work_with_optional_chained_with_map
22,org.assertj.core.api.SoftAssertionsTest:should_work_with_optional_chained_with_map
23,org.assertj.core.api.SoftAssertionsTest:should_work_with_optional_chained_with_map
0,org.assertj.core.api.SoftAssertionsTest:should_work_with_stream
21,org.assertj.core.api.SoftAssertionsTest:should_work_with_stream
22,org.assertj.core.api.SoftAssertionsTest:should_work_with_stream
23,org.assertj.core.api.SoftAssertionsTest:should_work_with_stream
0,org.assertj.core.api.SoftAssertionsTest:should_pass_when_using_flat_extracting
1,org.assertj.core.api.SoftAssertionsTest:should_pass_when_using_flat_extracting
2,org.assertj.core.api.SoftAssertionsTest:should_pass_when_using_flat_extracting
21,org.assertj.core.api.SoftAssertionsTest:should_pass_when_using_flat_extracting
22,org.assertj.core.api.SoftAssertionsTest:should_pass_when_using_flat_extracting
23,org.assertj.core.api.SoftAssertionsTest:should_pass_when_using_flat_extracting
0,org.assertj.core.api.SoftAssertionsTest:should_work_with_comparable
21,org.assertj.core.api.SoftAssertionsTest:should_work_with_comparable
22,org.assertj.core.api.SoftAssertionsTest:should_work_with_comparable
23,org.assertj.core.api.SoftAssertionsTest:should_work_with_comparable
0,org.assertj.core.api.SoftAssertionsTest:bdd_soft_assertions_should_have_the_same_methods_as_in_standard_soft_assertions
21,org.assertj.core.api.SoftAssertionsTest:bdd_soft_assertions_should_have_the_same_methods_as_in_standard_soft_assertions
22,org.assertj.core.api.SoftAssertionsTest:bdd_soft_assertions_should_have_the_same_methods_as_in_standard_soft_assertions
23,org.assertj.core.api.SoftAssertionsTest:bdd_soft_assertions_should_have_the_same_methods_as_in_standard_soft_assertions
0,org.assertj.core.api.SoftAssertionsTest:should_collect_all_errors_when_using_extracting
1,org.assertj.core.api.SoftAssertionsTest:should_collect_all_errors_when_using_extracting
2,org.assertj.core.api.SoftAssertionsTest:should_collect_all_errors_when_using_extracting
21,org.assertj.core.api.SoftAssertionsTest:should_collect_all_errors_when_using_extracting
22,org.assertj.core.api.SoftAssertionsTest:should_collect_all_errors_when_using_extracting
23,org.assertj.core.api.SoftAssertionsTest:should_collect_all_errors_when_using_extracting
0,org.assertj.core.api.SoftAssertionsTest:should_collect_all_errors_when_using_predicate_filtering
1,org.assertj.core.api.SoftAssertionsTest:should_collect_all_errors_when_using_predicate_filtering
2,org.assertj.core.api.SoftAssertionsTest:should_collect_all_errors_when_using_predicate_filtering
21,org.assertj.core.api.SoftAssertionsTest:should_collect_all_errors_when_using_predicate_filtering
22,org.assertj.core.api.SoftAssertionsTest:should_collect_all_errors_when_using_predicate_filtering
23,org.assertj.core.api.SoftAssertionsTest:should_collect_all_errors_when_using_predicate_filtering
0,org.assertj.core.api.SoftAssertionsTest:should_return_failure_of_last_assertion_with_nested_calls
21,org.assertj.core.api.SoftAssertionsTest:should_return_failure_of_last_assertion_with_nested_calls
22,org.assertj.core.api.SoftAssertionsTest:should_return_failure_of_last_assertion_with_nested_calls
23,org.assertj.core.api.SoftAssertionsTest:should_return_failure_of_last_assertion_with_nested_calls
0,org.assertj.core.api.SoftAssertionsTest:should_return_failure_of_last_assertion
21,org.assertj.core.api.SoftAssertionsTest:should_return_failure_of_last_assertion
22,org.assertj.core.api.SoftAssertionsTest:should_return_failure_of_last_assertion
23,org.assertj.core.api.SoftAssertionsTest:should_return_failure_of_last_assertion
0,org.assertj.core.api.SoftAssertionsTest:should_collect_all_errors_when_using_map
21,org.assertj.core.api.SoftAssertionsTest:should_collect_all_errors_when_using_map
22,org.assertj.core.api.SoftAssertionsTest:should_collect_all_errors_when_using_map
23,org.assertj.core.api.SoftAssertionsTest:should_collect_all_errors_when_using_map
0,org.assertj.core.api.SoftAssertionsTest:should_return_failure_after_fail_with_parameters
21,org.assertj.core.api.SoftAssertionsTest:should_return_failure_after_fail_with_parameters
22,org.assertj.core.api.SoftAssertionsTest:should_return_failure_after_fail_with_parameters
23,org.assertj.core.api.SoftAssertionsTest:should_return_failure_after_fail_with_parameters
0,org.assertj.core.api.SoftAssertionsTest:should_be_able_to_catch_exceptions_thrown_by_map_assertions
21,org.assertj.core.api.SoftAssertionsTest:should_be_able_to_catch_exceptions_thrown_by_map_assertions
22,org.assertj.core.api.SoftAssertionsTest:should_be_able_to_catch_exceptions_thrown_by_map_assertions
23,org.assertj.core.api.SoftAssertionsTest:should_be_able_to_catch_exceptions_thrown_by_map_assertions
0,org.assertj.core.api.SoftAssertionsTest:should_work_with_optional
21,org.assertj.core.api.SoftAssertionsTest:should_work_with_optional
22,org.assertj.core.api.SoftAssertionsTest:should_work_with_optional
23,org.assertj.core.api.SoftAssertionsTest:should_work_with_optional
0,org.assertj.core.api.SoftAssertionsTest:should_return_success_of_last_assertion
21,org.assertj.core.api.SoftAssertionsTest:should_return_success_of_last_assertion
22,org.assertj.core.api.SoftAssertionsTest:should_return_success_of_last_assertion
23,org.assertj.core.api.SoftAssertionsTest:should_return_success_of_last_assertion
0,org.assertj.core.api.SoftAssertionsTest:should_collect_all_errors_when_using_flat_extracting
21,org.assertj.core.api.SoftAssertionsTest:should_collect_all_errors_when_using_flat_extracting
22,org.assertj.core.api.SoftAssertionsTest:should_collect_all_errors_when_using_flat_extracting
23,org.assertj.core.api.SoftAssertionsTest:should_collect_all_errors_when_using_flat_extracting
0,org.assertj.core.util.diff.DiffTest:testDiff_Change
21,org.assertj.core.util.diff.DiffTest:testDiff_Change
22,org.assertj.core.util.diff.DiffTest:testDiff_Change
23,org.assertj.core.util.diff.DiffTest:testDiff_Change
0,org.assertj.core.api.JUnitSoftAssertionsSuccessTest:all_assertions_should_pass
21,org.assertj.core.api.JUnitSoftAssertionsSuccessTest:all_assertions_should_pass
22,org.assertj.core.api.JUnitSoftAssertionsSuccessTest:all_assertions_should_pass
23,org.assertj.core.api.JUnitSoftAssertionsSuccessTest:all_assertions_should_pass
0,org.assertj.core.internal.floats.Floats_assertGreaterThanOrEqualTo_Test:should_fail_if_actual_is_less_than_other
21,org.assertj.core.internal.floats.Floats_assertGreaterThanOrEqualTo_Test:should_fail_if_actual_is_less_than_other
22,org.assertj.core.internal.floats.Floats_assertGreaterThanOrEqualTo_Test:should_fail_if_actual_is_less_than_other
23,org.assertj.core.internal.floats.Floats_assertGreaterThanOrEqualTo_Test:should_fail_if_actual_is_less_than_other
0,org.assertj.core.api.AutoCloseableBDDSoftAssertionsTest:all_assertions_should_pass
21,org.assertj.core.api.AutoCloseableBDDSoftAssertionsTest:all_assertions_should_pass
22,org.assertj.core.api.AutoCloseableBDDSoftAssertionsTest:all_assertions_should_pass
23,org.assertj.core.api.AutoCloseableBDDSoftAssertionsTest:all_assertions_should_pass
0,org.assertj.core.api.AutoCloseableBDDSoftAssertionsTest:should_be_able_to_catch_exceptions_thrown_by_all_proxied_methods
21,org.assertj.core.api.AutoCloseableBDDSoftAssertionsTest:should_be_able_to_catch_exceptions_thrown_by_all_proxied_methods
22,org.assertj.core.api.AutoCloseableBDDSoftAssertionsTest:should_be_able_to_catch_exceptions_thrown_by_all_proxied_methods
23,org.assertj.core.api.AutoCloseableBDDSoftAssertionsTest:should_be_able_to_catch_exceptions_thrown_by_all_proxied_methods
0,org.assertj.core.error.ShouldNotBeIn_create_Test:should_create_error_message
21,org.assertj.core.error.ShouldNotBeIn_create_Test:should_create_error_message
22,org.assertj.core.error.ShouldNotBeIn_create_Test:should_create_error_message
23,org.assertj.core.error.ShouldNotBeIn_create_Test:should_create_error_message
0,org.assertj.core.api.Java6JUnitSoftAssertionsSuccessTest:all_assertions_should_pass
21,org.assertj.core.api.Java6JUnitSoftAssertionsSuccessTest:all_assertions_should_pass
22,org.assertj.core.api.Java6JUnitSoftAssertionsSuccessTest:all_assertions_should_pass
23,org.assertj.core.api.Java6JUnitSoftAssertionsSuccessTest:all_assertions_should_pass
0,org.assertj.core.api.longarray.LongArrayAssert_isNullOrEmpty_Test:should_return_this
21,org.assertj.core.api.longarray.LongArrayAssert_isNullOrEmpty_Test:should_return_this
22,org.assertj.core.api.longarray.LongArrayAssert_isNullOrEmpty_Test:should_return_this
23,org.assertj.core.api.longarray.LongArrayAssert_isNullOrEmpty_Test:should_return_this
0,org.assertj.core.api.JUnitBDDSoftAssertionsFailureTest:should_report_all_errors
21,org.assertj.core.api.JUnitBDDSoftAssertionsFailureTest:should_report_all_errors
22,org.assertj.core.api.JUnitBDDSoftAssertionsFailureTest:should_report_all_errors
23,org.assertj.core.api.JUnitBDDSoftAssertionsFailureTest:should_report_all_errors
0,org.assertj.core.api.intarray.IntArrayAssert_doesNotContain_at_Index_Test:should_return_this
21,org.assertj.core.api.intarray.IntArrayAssert_doesNotContain_at_Index_Test:should_return_this
22,org.assertj.core.api.intarray.IntArrayAssert_doesNotContain_at_Index_Test:should_return_this
23,org.assertj.core.api.intarray.IntArrayAssert_doesNotContain_at_Index_Test:should_return_this
